<?xml version="1.0" encoding="UTF-8"?>
<testng-results skipped="0" failed="0" ignored="0" total="1" passed="1">
  <reporter-output>
  </reporter-output>
  <suite name="Regression" duration-ms="77859" started-at="2017-06-06T09:22:14Z" finished-at="2017-06-06T09:23:32Z">
    <groups>
    </groups>
    <test name="Registration" duration-ms="77859" started-at="2017-06-06T09:22:14Z" finished-at="2017-06-06T09:23:32Z">
      <class name="com.test.Automation.sel.Digin.Registration">
        <test-method status="PASS" signature="setup()[pri:0, instance:com.test.Automation.sel.Digin.Registration@77caeb3e]" name="setup" is-config="true" duration-ms="9310" started-at="2017-06-06T14:52:14Z" finished-at="2017-06-06T14:52:23Z">
          <reporter-output>
          </reporter-output>
        </test-method> <!-- setup -->
        <test-method status="PASS" signature="registration()[pri:0, instance:com.test.Automation.sel.Digin.Registration@77caeb3e]" name="registration" duration-ms="68214" started-at="2017-06-06T14:52:23Z" finished-at="2017-06-06T14:53:31Z">
          <reporter-output>
          </reporter-output>
        </test-method> <!-- registration -->
        <test-method status="PASS" signature="end()[pri:0, instance:com.test.Automation.sel.Digin.Registration@77caeb3e]" name="end" is-config="true" duration-ms="313" started-at="2017-06-06T14:53:31Z" finished-at="2017-06-06T14:53:32Z">
          <reporter-output>
          </reporter-output>
        </test-method> <!-- end -->
      </class> <!-- com.test.Automation.sel.Digin.Registration -->
    </test> <!-- Registration -->
  </suite> <!-- Regression -->
</testng-results>
